<?xml version="1.0" encoding="UTF-8"?>
<!-- Generated by org.testng.reporters.JUnitReportReporter -->
<testsuite hostname="LIN51012900" failures="0" tests="1" name="com.cg.TC03_BodyAuthentication" time="0.123" errors="0" timestamp="2022-02-25T01:48:13 IST" skipped="0">
  <testcase classname="com.cg.TC03_BodyAuthentication" name="getBodyData" time="0.123"/>
  <system-out/>
</testsuite> <!-- com.cg.TC03_BodyAuthentication -->
