<?xml version="1.0" encoding="UTF-8"?>
<!-- Generated by org.testng.reporters.JUnitReportReporter -->
<testsuite hostname="LIN51012900" failures="0" tests="4" name="com.cg.datadriven.DataDrivenTest_CreateUser" time="1.723" errors="0" timestamp="2022-02-25T01:48:13 IST" skipped="0">
  <testcase classname="com.cg.datadriven.DataDrivenTest_CreateUser" name="crearteNewUser" time="0.435"/>
  <system-out/>
  <testcase classname="com.cg.datadriven.DataDrivenTest_CreateUser" name="crearteNewUser" time="0.451"/>
  <system-out/>
  <testcase classname="com.cg.datadriven.DataDrivenTest_CreateUser" name="crearteNewUser" time="0.418"/>
  <system-out/>
  <testcase classname="com.cg.datadriven.DataDrivenTest_CreateUser" name="crearteNewUser" time="0.419"/>
  <system-out/>
</testsuite> <!-- com.cg.datadriven.DataDrivenTest_CreateUser -->
