<?xml version="1.0" encoding="UTF-8"?>
<!-- Generated by org.testng.reporters.JUnitReportReporter -->
<testsuite hostname="LIN51012900" failures="0" tests="2" name="com.cg.TC01GetRequest" time="0.190" errors="0" timestamp="2022-02-25T01:48:13 IST" skipped="0">
  <testcase classname="com.cg.TC01GetRequest" name="verifyStatusLine" time="0.095"/>
  <system-out/>
  <testcase classname="com.cg.TC01GetRequest" name="VerifyStatusCode" time="0.095"/>
  <system-out/>
</testsuite> <!-- com.cg.TC01GetRequest -->
