<?xml version="1.0" encoding="UTF-8"?>
<!-- Generated by org.testng.reporters.JUnitReportReporter -->
<testsuite hostname="LIN51012900" failures="0" tests="1" name="com.cg.TC02PostReqUest" time="3.370" errors="0" timestamp="2022-02-25T01:48:13 IST" skipped="0">
  <testcase classname="com.cg.TC02PostReqUest" name="createUserVerification" time="3.370"/>
  <system-out/>
</testsuite> <!-- com.cg.TC02PostReqUest -->
