<?xml version="1.0" encoding="UTF-8"?>
<!-- Generated by org.testng.reporters.JUnitReportReporter -->
<testsuite hostname="LIN51012900" failures="0" tests="1" name="com.cg.TC04_HeaderTest" time="0.140" errors="0" timestamp="2022-02-25T01:48:13 IST" skipped="0">
  <testcase classname="com.cg.TC04_HeaderTest" name="getAllHeader" time="0.140"/>
  <system-out/>
</testsuite> <!-- com.cg.TC04_HeaderTest -->
